Flow report for spi_sector_erase
Fri Oct 29 15:31:24 2021
Quartus II 64-Bit Version 13.1.0 Build 162 10/23/2013 SJ Full Version


---------------------
; Table of Contents ;
---------------------
  1. Legal Notice
  2. Flow Summary
  3. Flow Settings
  4. Flow Non-Default Global Settings
  5. Flow Elapsed Time
  6. Flow OS Summary
  7. Flow Log
  8. Flow Messages
  9. Flow Suppressed Messages



----------------
; Legal Notice ;
----------------
Copyright (C) 1991-2013 Altera Corporation
Your use of Altera Corporation's design tools, logic functions 
and other software and tools, and its AMPP partner logic 
functions, and any output files from any of the foregoing 
(including device programming or simulation files), and any 
associated documentation or information are expressly subject 
to the terms and conditions of the Altera Program License 
Subscription Agreement, Altera MegaCore Function License 
Agreement, or other applicable license agreement, including, 
without limitation, that your use is for the sole purpose of 
programming logic devices manufactured by Altera and sold by 
Altera or its authorized distributors.  Please refer to the 
applicable agreement for further details.



+----------------------------------------------------------------------------------+
; Flow Summary                                                                     ;
+------------------------------------+---------------------------------------------+
; Flow Status                        ; Successful - Fri Oct 29 15:31:24 2021       ;
; Quartus II 64-Bit Version          ; 13.1.0 Build 162 10/23/2013 SJ Full Version ;
; Revision Name                      ; spi_sector_erase                            ;
; Top-level Entity Name              ; spi_sector_erase                            ;
; Family                             ; Cyclone IV E                                ;
; Device                             ; EP4CE10F17C8                                ;
; Timing Models                      ; Final                                       ;
; Total logic elements               ; 65 / 10,320 ( < 1 % )                       ;
;     Total combinational functions  ; 65 / 10,320 ( < 1 % )                       ;
;     Dedicated logic registers      ; 32 / 10,320 ( < 1 % )                       ;
; Total registers                    ; 32                                          ;
; Total pins                         ; 6 / 180 ( 3 % )                             ;
; Total virtual pins                 ; 0                                           ;
; Total memory bits                  ; 0 / 423,936 ( 0 % )                         ;
; Embedded Multiplier 9-bit elements ; 0 / 46 ( 0 % )                              ;
; Total PLLs                         ; 0 / 2 ( 0 % )                               ;
+------------------------------------+---------------------------------------------+


+-----------------------------------------+
; Flow Settings                           ;
+-------------------+---------------------+
; Option            ; Setting             ;
+-------------------+---------------------+
; Start date & time ; 10/29/2021 15:31:08 ;
; Main task         ; Compilation         ;
; Revision Name     ; spi_sector_erase    ;
+-------------------+---------------------+


+-------------------------------------------------------------------------------------------------------------------------------------+
; Flow Non-Default Global Settings                                                                                                    ;
+--------------------------------------+------------------------------------------+---------------+-------------+---------------------+
; Assignment Name                      ; Value                                    ; Default Value ; Entity Name ; Section Id          ;
+--------------------------------------+------------------------------------------+---------------+-------------+---------------------+
; COMPILER_SIGNATURE_ID                ; 255543649433942.163549266800024          ; --            ; --          ; --                  ;
; EDA_DESIGN_INSTANCE_NAME             ; NA                                       ; --            ; --          ; tb_spi_sector_erase ;
; EDA_NATIVELINK_SIMULATION_TEST_BENCH ; tb_spi_sector_erase                      ; --            ; --          ; eda_simulation      ;
; EDA_OUTPUT_DATA_FORMAT               ; Verilog Hdl                              ; --            ; --          ; eda_simulation      ;
; EDA_SIMULATION_TOOL                  ; ModelSim (Verilog)                       ; <None>        ; --          ; --                  ;
; EDA_TEST_BENCH_ENABLE_STATUS         ; TEST_BENCH_MODE                          ; --            ; --          ; eda_simulation      ;
; EDA_TEST_BENCH_FILE                  ; ../sim/tb_spi_sector_erase.v             ; --            ; --          ; tb_spi_sector_erase ;
; EDA_TEST_BENCH_FILE                  ; ../sim/M25P16_VG_V12/acdc_check.v        ; --            ; --          ; tb_spi_sector_erase ;
; EDA_TEST_BENCH_FILE                  ; ../sim/M25P16_VG_V12/testbench.v         ; --            ; --          ; tb_spi_sector_erase ;
; EDA_TEST_BENCH_FILE                  ; ../sim/M25P16_VG_V12/data.txt            ; --            ; --          ; tb_spi_sector_erase ;
; EDA_TEST_BENCH_FILE                  ; ../sim/M25P16_VG_V12/initM25P16.txt      ; --            ; --          ; tb_spi_sector_erase ;
; EDA_TEST_BENCH_FILE                  ; ../sim/M25P16_VG_V12/initM25P16_test.txt ; --            ; --          ; tb_spi_sector_erase ;
; EDA_TEST_BENCH_FILE                  ; ../sim/M25P16_VG_V12/initmemory.txt      ; --            ; --          ; tb_spi_sector_erase ;
; EDA_TEST_BENCH_FILE                  ; ../sim/M25P16_VG_V12/internal_logic.v    ; --            ; --          ; tb_spi_sector_erase ;
; EDA_TEST_BENCH_FILE                  ; ../sim/M25P16_VG_V12/M25p16.v            ; --            ; --          ; tb_spi_sector_erase ;
; EDA_TEST_BENCH_FILE                  ; ../sim/M25P16_VG_V12/m25p16_driver.v     ; --            ; --          ; tb_spi_sector_erase ;
; EDA_TEST_BENCH_FILE                  ; ../sim/M25P16_VG_V12/memory_access.v     ; --            ; --          ; tb_spi_sector_erase ;
; EDA_TEST_BENCH_FILE                  ; ../sim/M25P16_VG_V12/parameter.v         ; --            ; --          ; tb_spi_sector_erase ;
; EDA_TEST_BENCH_MODULE_NAME           ; tb_spi_sector_erase                      ; --            ; --          ; tb_spi_sector_erase ;
; EDA_TEST_BENCH_NAME                  ; tb_spi_sector_erase                      ; --            ; --          ; eda_simulation      ;
; EDA_TIME_SCALE                       ; 1 us                                     ; --            ; --          ; eda_simulation      ;
; MAX_CORE_JUNCTION_TEMP               ; 85                                       ; --            ; --          ; --                  ;
; MIN_CORE_JUNCTION_TEMP               ; 0                                        ; --            ; --          ; --                  ;
; OUTPUT_IO_TIMING_FAR_END_VMEAS       ; Half Signal Swing                        ; --            ; --          ; --                  ;
; OUTPUT_IO_TIMING_FAR_END_VMEAS       ; Half Signal Swing                        ; --            ; --          ; --                  ;
; OUTPUT_IO_TIMING_NEAR_END_VMEAS      ; Half Vccio                               ; --            ; --          ; --                  ;
; OUTPUT_IO_TIMING_NEAR_END_VMEAS      ; Half Vccio                               ; --            ; --          ; --                  ;
; PARTITION_COLOR                      ; 16764057                                 ; --            ; --          ; Top                 ;
; PARTITION_FITTER_PRESERVATION_LEVEL  ; PLACEMENT_AND_ROUTING                    ; --            ; --          ; Top                 ;
; PARTITION_NETLIST_TYPE               ; SOURCE                                   ; --            ; --          ; Top                 ;
; PROJECT_OUTPUT_DIRECTORY             ; output_files                             ; --            ; --          ; --                  ;
+--------------------------------------+------------------------------------------+---------------+-------------+---------------------+


+-------------------------------------------------------------------------------------------------------------------------------+
; Flow Elapsed Time                                                                                                             ;
+---------------------------+--------------+-------------------------+---------------------+------------------------------------+
; Module Name               ; Elapsed Time ; Average Processors Used ; Peak Virtual Memory ; Total CPU Time (on all processors) ;
+---------------------------+--------------+-------------------------+---------------------+------------------------------------+
; Analysis & Synthesis      ; 00:00:01     ; 1.0                     ; 4638 MB             ; 00:00:01                           ;
; Fitter                    ; 00:00:05     ; 1.6                     ; 5370 MB             ; 00:00:06                           ;
; Assembler                 ; 00:00:01     ; 1.0                     ; 4577 MB             ; 00:00:01                           ;
; TimeQuest Timing Analyzer ; 00:00:02     ; 1.0                     ; 4659 MB             ; 00:00:02                           ;
; EDA Netlist Writer        ; 00:00:01     ; 1.0                     ; 4551 MB             ; 00:00:01                           ;
; Total                     ; 00:00:10     ; --                      ; --                  ; 00:00:11                           ;
+---------------------------+--------------+-------------------------+---------------------+------------------------------------+


+----------------------------------------------------------------------------------------+
; Flow OS Summary                                                                        ;
+---------------------------+------------------+-----------+------------+----------------+
; Module Name               ; Machine Hostname ; OS Name   ; OS Version ; Processor type ;
+---------------------------+------------------+-----------+------------+----------------+
; Analysis & Synthesis      ; LAPTOP-9CGCB0OE  ; Windows 7 ; 6.2        ; x86_64         ;
; Fitter                    ; LAPTOP-9CGCB0OE  ; Windows 7 ; 6.2        ; x86_64         ;
; Assembler                 ; LAPTOP-9CGCB0OE  ; Windows 7 ; 6.2        ; x86_64         ;
; TimeQuest Timing Analyzer ; LAPTOP-9CGCB0OE  ; Windows 7 ; 6.2        ; x86_64         ;
; EDA Netlist Writer        ; LAPTOP-9CGCB0OE  ; Windows 7 ; 6.2        ; x86_64         ;
+---------------------------+------------------+-----------+------------+----------------+


------------
; Flow Log ;
------------
quartus_map --read_settings_files=on --write_settings_files=off spi_sector_erase -c spi_sector_erase
quartus_fit --read_settings_files=off --write_settings_files=off spi_sector_erase -c spi_sector_erase
quartus_asm --read_settings_files=off --write_settings_files=off spi_sector_erase -c spi_sector_erase
quartus_sta spi_sector_erase -c spi_sector_erase
quartus_eda --read_settings_files=off --write_settings_files=off spi_sector_erase -c spi_sector_erase



